  Using triplet "x86-windows" from "C:\local\vcpkg-master\installed\x86-windows\"
  Engine.cpp
  GameObject.cpp
  GameObjectRegistry.cpp
  GamePch.cpp
  InputState.cpp
  MemoryBitStream.cpp
  MemoryStream.cpp
  Move.cpp
  MoveList.cpp
  NetworkManager.cpp
  Player.cpp
  ScoreBoardManager.cpp
C:\git\KwangWoongLee\CrazyArcadeImitation\CA\Common\ScoreBoardManager.cpp(33,2): warning C4996: '_snprintf': This function or variable may be unsafe. Consider using _snprintf_s instead. To disable deprecation, use _CRT_SECURE_NO_WARNINGS. See online help for details.
  ServerMath.cpp
  SocketAddress.cpp
  SocketAddressFactory.cpp
  SocketUtil.cpp
  StringUtils.cpp
  TCPSocket.cpp
  Timing.cpp
  UDPSocket.cpp
  코드를 생성하고 있습니다...
  컴파일하고 있습니다...
  World.cpp
  코드를 생성하고 있습니다...
  Common.vcxproj -> C:\git\KwangWoongLee\CrazyArcadeImitation\CA\Debug\Common.lib
