c:\git\kwangwoonglee\crazyarcadeimitation\ca\common\debug\common.pdb
c:\git\kwangwoonglee\crazyarcadeimitation\ca\common\debug\common.idb
c:\git\kwangwoonglee\crazyarcadeimitation\ca\common\debug\world.obj
c:\git\kwangwoonglee\crazyarcadeimitation\ca\common\debug\udpsocket.obj
c:\git\kwangwoonglee\crazyarcadeimitation\ca\common\debug\timing.obj
c:\git\kwangwoonglee\crazyarcadeimitation\ca\common\debug\tcpsocket.obj
c:\git\kwangwoonglee\crazyarcadeimitation\ca\common\debug\stringutils.obj
c:\git\kwangwoonglee\crazyarcadeimitation\ca\common\debug\socketutil.obj
c:\git\kwangwoonglee\crazyarcadeimitation\ca\common\debug\socketaddressfactory.obj
c:\git\kwangwoonglee\crazyarcadeimitation\ca\common\debug\socketaddress.obj
c:\git\kwangwoonglee\crazyarcadeimitation\ca\common\debug\scoreboardmanager.obj
c:\git\kwangwoonglee\crazyarcadeimitation\ca\common\debug\player.obj
c:\git\kwangwoonglee\crazyarcadeimitation\ca\common\debug\networkmanager.obj
c:\git\kwangwoonglee\crazyarcadeimitation\ca\common\debug\memorystream.obj
c:\git\kwangwoonglee\crazyarcadeimitation\ca\common\debug\memorybitstream.obj
c:\git\kwangwoonglee\crazyarcadeimitation\ca\common\debug\servermath.obj
c:\git\kwangwoonglee\crazyarcadeimitation\ca\common\debug\inputstate.obj
c:\git\kwangwoonglee\crazyarcadeimitation\ca\common\debug\gamepch.obj
c:\git\kwangwoonglee\crazyarcadeimitation\ca\common\debug\gameobjectregistry.obj
c:\git\kwangwoonglee\crazyarcadeimitation\ca\common\debug\gameobject.obj
c:\git\kwangwoonglee\crazyarcadeimitation\ca\common\debug\engine.obj
c:\git\kwangwoonglee\crazyarcadeimitation\ca\common\debug\vcpkg.applocal.log
c:\git\kwangwoonglee\crazyarcadeimitation\ca\debug\common.lib
c:\git\kwangwoonglee\crazyarcadeimitation\ca\common\debug\common.tlog\cl.command.1.tlog
c:\git\kwangwoonglee\crazyarcadeimitation\ca\common\debug\common.tlog\cl.read.1.tlog
c:\git\kwangwoonglee\crazyarcadeimitation\ca\common\debug\common.tlog\cl.write.1.tlog
c:\git\kwangwoonglee\crazyarcadeimitation\ca\common\debug\common.tlog\common.write.1u.tlog
c:\git\kwangwoonglee\crazyarcadeimitation\ca\common\debug\common.tlog\lib-link.read.1.tlog
c:\git\kwangwoonglee\crazyarcadeimitation\ca\common\debug\common.tlog\lib-link.write.1.tlog
c:\git\kwangwoonglee\crazyarcadeimitation\ca\common\debug\common.tlog\lib.command.1.tlog
