C:\git\KwangWoongLee\CrazyArcadeImitation\CA\Client\Client.vcxproj(210,5): warning MSB4011: "C:\Users\lgu48\AppData\Local\Microsoft\MSBuild\v4.0\Microsoft.Cpp.x64.user.props"을(를) 다시 가져올 수 없습니다. "C:\git\KwangWoongLee\CrazyArcadeImitation\CA\Client\Client.vcxproj(207,5)"에서 이미 가져왔습니다. 이는 빌드 작성 오류일 가능성이 높으며 이 후속 가져오기는 무시됩니다. 
C:\git\KwangWoongLee\CrazyArcadeImitation\CA\Client\Client.vcxproj(231,5): warning MSB4011: "C:\Users\lgu48\AppData\Local\Microsoft\MSBuild\v4.0\Microsoft.Cpp.x64.user.props"을(를) 다시 가져올 수 없습니다. "C:\git\KwangWoongLee\CrazyArcadeImitation\CA\Client\Client.vcxproj(207,5)"에서 이미 가져왔습니다. 이는 빌드 작성 오류일 가능성이 높으며 이 후속 가져오기는 무시됩니다. 
C:\git\KwangWoongLee\CrazyArcadeImitation\CA\Client\Client.vcxproj(234,5): warning MSB4011: "C:\Users\lgu48\AppData\Local\Microsoft\MSBuild\v4.0\Microsoft.Cpp.x64.user.props"을(를) 다시 가져올 수 없습니다. "C:\git\KwangWoongLee\CrazyArcadeImitation\CA\Client\Client.vcxproj(207,5)"에서 이미 가져왔습니다. 이는 빌드 작성 오류일 가능성이 높으며 이 후속 가져오기는 무시됩니다. 
  Using triplet "x64-windows" from "C:\local\vcpkg-master\installed\x64-windows\"
  BombClient.cpp
C:\git\KwangWoongLee\CrazyArcadeImitation\CA\Common\MoveList.h(23,32): warning C4267: 'return': 'size_t'에서 'int'(으)로 변환하면서 데이터가 손실될 수 있습니다.
  Client.cpp
C:\git\KwangWoongLee\CrazyArcadeImitation\CA\Common\MoveList.h(23,32): warning C4267: 'return': 'size_t'에서 'int'(으)로 변환하면서 데이터가 손실될 수 있습니다.
  ClientMain.cpp
C:\git\KwangWoongLee\CrazyArcadeImitation\CA\Common\MoveList.h(23,32): warning C4267: 'return': 'size_t'에서 'int'(으)로 변환하면서 데이터가 손실될 수 있습니다.
  ClientPch.cpp
C:\git\KwangWoongLee\CrazyArcadeImitation\CA\Common\MoveList.h(23,32): warning C4267: 'return': 'size_t'에서 'int'(으)로 변환하면서 데이터가 손실될 수 있습니다.
  GraphicsDriver.cpp
C:\git\KwangWoongLee\CrazyArcadeImitation\CA\Common\MoveList.h(23,32): warning C4267: 'return': 'size_t'에서 'int'(으)로 변환하면서 데이터가 손실될 수 있습니다.
  HUD.cpp
C:\git\KwangWoongLee\CrazyArcadeImitation\CA\Common\MoveList.h(23,32): warning C4267: 'return': 'size_t'에서 'int'(으)로 변환하면서 데이터가 손실될 수 있습니다.
  InputManager.cpp
C:\git\KwangWoongLee\CrazyArcadeImitation\CA\Common\MoveList.h(23,32): warning C4267: 'return': 'size_t'에서 'int'(으)로 변환하면서 데이터가 손실될 수 있습니다.
  NetworkManagerClient.cpp
C:\git\KwangWoongLee\CrazyArcadeImitation\CA\Common\MoveList.h(23,32): warning C4267: 'return': 'size_t'에서 'int'(으)로 변환하면서 데이터가 손실될 수 있습니다.
  PlayerClient.cpp
C:\git\KwangWoongLee\CrazyArcadeImitation\CA\Common\MoveList.h(23,32): warning C4267: 'return': 'size_t'에서 'int'(으)로 변환하면서 데이터가 손실될 수 있습니다.
  RenderManager.cpp
C:\git\KwangWoongLee\CrazyArcadeImitation\CA\Common\MoveList.h(23,32): warning C4267: 'return': 'size_t'에서 'int'(으)로 변환하면서 데이터가 손실될 수 있습니다.
C:\git\KwangWoongLee\CrazyArcadeImitation\CA\Client\RenderManager.cpp(34,41): warning C4267: '초기화 중': 'size_t'에서 'int'(으)로 변환하면서 데이터가 손실될 수 있습니다.
C:\git\KwangWoongLee\CrazyArcadeImitation\CA\Client\RenderManager.cpp(45,44): warning C4267: '초기화 중': 'size_t'에서 'int'(으)로 변환하면서 데이터가 손실될 수 있습니다.
  ReplicationManagerClient.cpp
C:\git\KwangWoongLee\CrazyArcadeImitation\CA\Common\MoveList.h(23,32): warning C4267: 'return': 'size_t'에서 'int'(으)로 변환하면서 데이터가 손실될 수 있습니다.
  SpriteComponent.cpp
C:\git\KwangWoongLee\CrazyArcadeImitation\CA\Common\MoveList.h(23,32): warning C4267: 'return': 'size_t'에서 'int'(으)로 변환하면서 데이터가 손실될 수 있습니다.
C:\git\KwangWoongLee\CrazyArcadeImitation\CA\Client\SpriteComponent.cpp(33,12): warning C4018: '>=': signed 또는 unsigned가 일치하지 않습니다.
C:\git\KwangWoongLee\CrazyArcadeImitation\CA\Client\SpriteComponent.cpp(49,69): warning C4838: 'uint32_t'에서 'int'(으)로의 변환에는 축소 변환이 필요합니다.
C:\git\KwangWoongLee\CrazyArcadeImitation\CA\Client\SpriteComponent.cpp(49,99): warning C4838: 'uint32_t'에서 'int'(으)로의 변환에는 축소 변환이 필요합니다.
C:\git\KwangWoongLee\CrazyArcadeImitation\CA\Client\SpriteComponent.cpp(49,141): warning C4838: 'uint32_t'에서 'int'(으)로의 변환에는 축소 변환이 필요합니다.
  Texture.cpp
C:\git\KwangWoongLee\CrazyArcadeImitation\CA\Common\MoveList.h(23,32): warning C4267: 'return': 'size_t'에서 'int'(으)로 변환하면서 데이터가 손실될 수 있습니다.
  TextureManager.cpp
C:\git\KwangWoongLee\CrazyArcadeImitation\CA\Common\MoveList.h(23,32): warning C4267: 'return': 'size_t'에서 'int'(으)로 변환하면서 데이터가 손실될 수 있습니다.
  WindowManager.cpp
C:\git\KwangWoongLee\CrazyArcadeImitation\CA\Common\MoveList.h(23,32): warning C4267: 'return': 'size_t'에서 'int'(으)로 변환하면서 데이터가 손실될 수 있습니다.
Common.lib(GameObjectRegistry.obj) : fatal error LNK1112: 'x86' 모듈 컴퓨터 종류가 'x64' 대상 컴퓨터 종류와 충돌합니다.
