c:\git\kwangwoonglee\crazyarcadeimitation\ca\client\x64\debug\vc142.pdb
c:\git\kwangwoonglee\crazyarcadeimitation\ca\client\x64\debug\windowmanager.obj
c:\git\kwangwoonglee\crazyarcadeimitation\ca\client\x64\debug\texturemanager.obj
c:\git\kwangwoonglee\crazyarcadeimitation\ca\client\x64\debug\texture.obj
c:\git\kwangwoonglee\crazyarcadeimitation\ca\client\x64\debug\spritecomponent.obj
c:\git\kwangwoonglee\crazyarcadeimitation\ca\client\x64\debug\replicationmanagerclient.obj
c:\git\kwangwoonglee\crazyarcadeimitation\ca\client\x64\debug\rendermanager.obj
c:\git\kwangwoonglee\crazyarcadeimitation\ca\client\x64\debug\playerclient.obj
c:\git\kwangwoonglee\crazyarcadeimitation\ca\client\x64\debug\networkmanagerclient.obj
c:\git\kwangwoonglee\crazyarcadeimitation\ca\client\x64\debug\inputmanager.obj
c:\git\kwangwoonglee\crazyarcadeimitation\ca\client\x64\debug\hud.obj
c:\git\kwangwoonglee\crazyarcadeimitation\ca\client\x64\debug\graphicsdriver.obj
c:\git\kwangwoonglee\crazyarcadeimitation\ca\client\x64\debug\clientpch.obj
c:\git\kwangwoonglee\crazyarcadeimitation\ca\client\x64\debug\clientmain.obj
c:\git\kwangwoonglee\crazyarcadeimitation\ca\client\x64\debug\client.obj
c:\git\kwangwoonglee\crazyarcadeimitation\ca\client\x64\debug\bombclient.obj
c:\git\kwangwoonglee\crazyarcadeimitation\ca\client\x64\debug\client.res
c:\git\kwangwoonglee\crazyarcadeimitation\ca\client\x64\debug\client.tlog\cl.command.1.tlog
c:\git\kwangwoonglee\crazyarcadeimitation\ca\client\x64\debug\client.tlog\cl.read.1.tlog
c:\git\kwangwoonglee\crazyarcadeimitation\ca\client\x64\debug\client.tlog\cl.write.1.tlog
c:\git\kwangwoonglee\crazyarcadeimitation\ca\client\x64\debug\client.tlog\link.command.1.tlog
c:\git\kwangwoonglee\crazyarcadeimitation\ca\client\x64\debug\client.tlog\link.read.1.tlog
c:\git\kwangwoonglee\crazyarcadeimitation\ca\client\x64\debug\client.tlog\link.write.1.tlog
c:\git\kwangwoonglee\crazyarcadeimitation\ca\client\x64\debug\client.tlog\rc.command.1.tlog
c:\git\kwangwoonglee\crazyarcadeimitation\ca\client\x64\debug\client.tlog\rc.read.1.tlog
c:\git\kwangwoonglee\crazyarcadeimitation\ca\client\x64\debug\client.tlog\rc.write.1.tlog
