C:\git\KwangWoongLee\CrazyArcadeImitation\CA\Server\Server.vcxproj(225,5): warning MSB4011: "C:\Users\lgu48\AppData\Local\Microsoft\MSBuild\v4.0\Microsoft.Cpp.x64.user.props"을(를) 다시 가져올 수 없습니다. "C:\git\KwangWoongLee\CrazyArcadeImitation\CA\Server\Server.vcxproj(219,5)"에서 이미 가져왔습니다. 이는 빌드 작성 오류일 가능성이 높으며 이 후속 가져오기는 무시됩니다. 
C:\git\KwangWoongLee\CrazyArcadeImitation\CA\Server\Server.vcxproj(231,5): warning MSB4011: "C:\Users\lgu48\AppData\Local\Microsoft\MSBuild\v4.0\Microsoft.Cpp.x64.user.props"을(를) 다시 가져올 수 없습니다. "C:\git\KwangWoongLee\CrazyArcadeImitation\CA\Server\Server.vcxproj(219,5)"에서 이미 가져왔습니다. 이는 빌드 작성 오류일 가능성이 높으며 이 후속 가져오기는 무시됩니다. 
C:\git\KwangWoongLee\CrazyArcadeImitation\CA\Server\Server.vcxproj(237,5): warning MSB4011: "C:\Users\lgu48\AppData\Local\Microsoft\MSBuild\v4.0\Microsoft.Cpp.x64.user.props"을(를) 다시 가져올 수 없습니다. "C:\git\KwangWoongLee\CrazyArcadeImitation\CA\Server\Server.vcxproj(219,5)"에서 이미 가져왔습니다. 이는 빌드 작성 오류일 가능성이 높으며 이 후속 가져오기는 무시됩니다. 
  Using triplet "x64-windows" from "C:\local\vcpkg-master\installed\x64-windows\"
  BombServer.cpp
C:\git\KwangWoongLee\CrazyArcadeImitation\CA\Common\MoveList.h(23,32): warning C4267: 'return': 'size_t'에서 'int'(으)로 변환하면서 데이터가 손실될 수 있습니다.
  ClientProxy.cpp
C:\git\KwangWoongLee\CrazyArcadeImitation\CA\Common\MoveList.h(23,32): warning C4267: 'return': 'size_t'에서 'int'(으)로 변환하면서 데이터가 손실될 수 있습니다.
  NetworkManagerServer.cpp
C:\git\KwangWoongLee\CrazyArcadeImitation\CA\Common\MoveList.h(23,32): warning C4267: 'return': 'size_t'에서 'int'(으)로 변환하면서 데이터가 손실될 수 있습니다.
  PlayerServer.cpp
C:\git\KwangWoongLee\CrazyArcadeImitation\CA\Common\MoveList.h(23,32): warning C4267: 'return': 'size_t'에서 'int'(으)로 변환하면서 데이터가 손실될 수 있습니다.
  ReplicationManagerServer.cpp
C:\git\KwangWoongLee\CrazyArcadeImitation\CA\Common\MoveList.h(23,32): warning C4267: 'return': 'size_t'에서 'int'(으)로 변환하면서 데이터가 손실될 수 있습니다.
  Server.cpp
C:\git\KwangWoongLee\CrazyArcadeImitation\CA\Common\MoveList.h(23,32): warning C4267: 'return': 'size_t'에서 'int'(으)로 변환하면서 데이터가 손실될 수 있습니다.
C:\git\KwangWoongLee\CrazyArcadeImitation\CA\Server\Server.cpp(16,2): warning C4996: 'freopen': This function or variable may be unsafe. Consider using freopen_s instead. To disable deprecation, use _CRT_SECURE_NO_WARNINGS. See online help for details.
C:\git\KwangWoongLee\CrazyArcadeImitation\CA\Server\Server.cpp(103,44): warning C4267: '초기화 중': 'size_t'에서 'int'(으)로 변환하면서 데이터가 손실될 수 있습니다.
  ServerMain.cpp
C:\git\KwangWoongLee\CrazyArcadeImitation\CA\Common\MoveList.h(23,32): warning C4267: 'return': 'size_t'에서 'int'(으)로 변환하면서 데이터가 손실될 수 있습니다.
  ServerPch.cpp
C:\git\KwangWoongLee\CrazyArcadeImitation\CA\Common\MoveList.h(23,32): warning C4267: 'return': 'size_t'에서 'int'(으)로 변환하면서 데이터가 손실될 수 있습니다.
Common.lib(Timing.obj) : fatal error LNK1112: 'x86' 모듈 컴퓨터 종류가 'x64' 대상 컴퓨터 종류와 충돌합니다.
