c:\git\kwangwoonglee\crazyarcadeimitation\ca\common\x64\debug\common.pdb
c:\git\kwangwoonglee\crazyarcadeimitation\ca\common\x64\debug\common.idb
c:\git\kwangwoonglee\crazyarcadeimitation\ca\common\x64\debug\timing.obj
c:\git\kwangwoonglee\crazyarcadeimitation\ca\common\x64\debug\tcpsocket.obj
c:\git\kwangwoonglee\crazyarcadeimitation\ca\common\x64\debug\stringutils.obj
c:\git\kwangwoonglee\crazyarcadeimitation\ca\common\x64\debug\socketutil.obj
c:\git\kwangwoonglee\crazyarcadeimitation\ca\common\x64\debug\socketaddressfactory.obj
c:\git\kwangwoonglee\crazyarcadeimitation\ca\common\x64\debug\socketaddress.obj
c:\git\kwangwoonglee\crazyarcadeimitation\ca\common\x64\debug\scoreboardmanager.obj
c:\git\kwangwoonglee\crazyarcadeimitation\ca\common\x64\debug\player.obj
c:\git\kwangwoonglee\crazyarcadeimitation\ca\common\x64\debug\networkmanager.obj
c:\git\kwangwoonglee\crazyarcadeimitation\ca\common\x64\debug\memorystream.obj
c:\git\kwangwoonglee\crazyarcadeimitation\ca\common\x64\debug\memorybitstream.obj
c:\git\kwangwoonglee\crazyarcadeimitation\ca\common\x64\debug\servermath.obj
c:\git\kwangwoonglee\crazyarcadeimitation\ca\common\x64\debug\movelist.obj
c:\git\kwangwoonglee\crazyarcadeimitation\ca\common\x64\debug\move.obj
c:\git\kwangwoonglee\crazyarcadeimitation\ca\common\x64\debug\inputstate.obj
c:\git\kwangwoonglee\crazyarcadeimitation\ca\common\x64\debug\gamepch.obj
c:\git\kwangwoonglee\crazyarcadeimitation\ca\common\x64\debug\gameobjectregistry.obj
c:\git\kwangwoonglee\crazyarcadeimitation\ca\common\x64\debug\gameobject.obj
c:\git\kwangwoonglee\crazyarcadeimitation\ca\common\x64\debug\engine.obj
c:\git\kwangwoonglee\crazyarcadeimitation\ca\common\x64\debug\bomb.obj
c:\git\kwangwoonglee\crazyarcadeimitation\ca\common\x64\debug\world.obj
c:\git\kwangwoonglee\crazyarcadeimitation\ca\common\x64\debug\udpsocket.obj
c:\git\kwangwoonglee\crazyarcadeimitation\ca\common\x64\debug\vcpkg.applocal.log
c:\git\kwangwoonglee\crazyarcadeimitation\ca\x64\debug\common.lib
c:\git\kwangwoonglee\crazyarcadeimitation\ca\common\x64\debug\common.tlog\cl.command.1.tlog
c:\git\kwangwoonglee\crazyarcadeimitation\ca\common\x64\debug\common.tlog\cl.read.1.tlog
c:\git\kwangwoonglee\crazyarcadeimitation\ca\common\x64\debug\common.tlog\cl.write.1.tlog
c:\git\kwangwoonglee\crazyarcadeimitation\ca\common\x64\debug\common.tlog\common.write.1u.tlog
c:\git\kwangwoonglee\crazyarcadeimitation\ca\common\x64\debug\common.tlog\lib-link.read.1.tlog
c:\git\kwangwoonglee\crazyarcadeimitation\ca\common\x64\debug\common.tlog\lib-link.write.1.tlog
c:\git\kwangwoonglee\crazyarcadeimitation\ca\common\x64\debug\common.tlog\lib.command.1.tlog
