c:\git\kwangwoonglee\crazyarcadeimitation\ca\client\debug\vc142.pdb
c:\git\kwangwoonglee\crazyarcadeimitation\ca\client\debug\texturemanager.obj
c:\git\kwangwoonglee\crazyarcadeimitation\ca\client\debug\spritecomponent.obj
c:\git\kwangwoonglee\crazyarcadeimitation\ca\client\debug\playerclient.obj
c:\git\kwangwoonglee\crazyarcadeimitation\ca\client\debug\windowmanager.obj
c:\git\kwangwoonglee\crazyarcadeimitation\ca\client\debug\texture.obj
c:\git\kwangwoonglee\crazyarcadeimitation\ca\client\debug\replicationmanagerclient.obj
c:\git\kwangwoonglee\crazyarcadeimitation\ca\client\debug\rendermanager.obj
c:\git\kwangwoonglee\crazyarcadeimitation\ca\client\debug\networkmanagerclient.obj
c:\git\kwangwoonglee\crazyarcadeimitation\ca\client\debug\inputmanager.obj
c:\git\kwangwoonglee\crazyarcadeimitation\ca\client\debug\hud.obj
c:\git\kwangwoonglee\crazyarcadeimitation\ca\client\debug\graphicsdriver.obj
c:\git\kwangwoonglee\crazyarcadeimitation\ca\client\debug\clientpch.obj
c:\git\kwangwoonglee\crazyarcadeimitation\ca\client\debug\clientmain.obj
c:\git\kwangwoonglee\crazyarcadeimitation\ca\client\debug\client.obj
c:\git\kwangwoonglee\crazyarcadeimitation\ca\client\debug\bombclient.obj
c:\git\kwangwoonglee\crazyarcadeimitation\ca\debug\client.ipdb
c:\git\kwangwoonglee\crazyarcadeimitation\ca\debug\client.iobj
c:\git\kwangwoonglee\crazyarcadeimitation\ca\client\debug\vcpkg.applocal.log
c:\git\kwangwoonglee\crazyarcadeimitation\ca\debug\sdl2d.dll
c:\git\kwangwoonglee\crazyarcadeimitation\ca\debug\client.exe
c:\git\kwangwoonglee\crazyarcadeimitation\ca\debug\client.pdb
c:\git\kwangwoonglee\crazyarcadeimitation\ca\client\debug\client.res
c:\git\kwangwoonglee\crazyarcadeimitation\ca\client\debug\client.tlog\cl.command.1.tlog
c:\git\kwangwoonglee\crazyarcadeimitation\ca\client\debug\client.tlog\cl.read.1.tlog
c:\git\kwangwoonglee\crazyarcadeimitation\ca\client\debug\client.tlog\cl.write.1.tlog
c:\git\kwangwoonglee\crazyarcadeimitation\ca\client\debug\client.tlog\client.write.1u.tlog
c:\git\kwangwoonglee\crazyarcadeimitation\ca\client\debug\client.tlog\link.command.1.tlog
c:\git\kwangwoonglee\crazyarcadeimitation\ca\client\debug\client.tlog\link.read.1.tlog
c:\git\kwangwoonglee\crazyarcadeimitation\ca\client\debug\client.tlog\link.write.1.tlog
c:\git\kwangwoonglee\crazyarcadeimitation\ca\client\debug\client.tlog\rc.command.1.tlog
c:\git\kwangwoonglee\crazyarcadeimitation\ca\client\debug\client.tlog\rc.read.1.tlog
c:\git\kwangwoonglee\crazyarcadeimitation\ca\client\debug\client.tlog\rc.write.1.tlog
