C:\git\KwangWoongLee\CrazyArcadeImitation\CA\Client\Client.vcxproj(198,5): warning MSB4011: "C:\Users\lgu48\AppData\Local\Microsoft\MSBuild\v4.0\Microsoft.Cpp.Win32.user.props"을(를) 다시 가져올 수 없습니다. "C:\git\KwangWoongLee\CrazyArcadeImitation\CA\Client\Client.vcxproj(195,5)"에서 이미 가져왔습니다. 이는 빌드 작성 오류일 가능성이 높으며 이 후속 가져오기는 무시됩니다. 
C:\git\KwangWoongLee\CrazyArcadeImitation\CA\Client\Client.vcxproj(219,5): warning MSB4011: "C:\Users\lgu48\AppData\Local\Microsoft\MSBuild\v4.0\Microsoft.Cpp.Win32.user.props"을(를) 다시 가져올 수 없습니다. "C:\git\KwangWoongLee\CrazyArcadeImitation\CA\Client\Client.vcxproj(195,5)"에서 이미 가져왔습니다. 이는 빌드 작성 오류일 가능성이 높으며 이 후속 가져오기는 무시됩니다. 
C:\git\KwangWoongLee\CrazyArcadeImitation\CA\Client\Client.vcxproj(222,5): warning MSB4011: "C:\Users\lgu48\AppData\Local\Microsoft\MSBuild\v4.0\Microsoft.Cpp.Win32.user.props"을(를) 다시 가져올 수 없습니다. "C:\git\KwangWoongLee\CrazyArcadeImitation\CA\Client\Client.vcxproj(195,5)"에서 이미 가져왔습니다. 이는 빌드 작성 오류일 가능성이 높으며 이 후속 가져오기는 무시됩니다. 
  Using triplet "x86-windows" from "C:\local\vcpkg-master\installed\x86-windows\"
  Client.cpp
  ClientMain.cpp
  ClientPch.cpp
  GraphicsDriver.cpp
  HUD.cpp
  InputManager.cpp
  NetworkManagerClient.cpp
  PlayerClient.cpp
  RenderManager.cpp
  ReplicationManagerClient.cpp
  SpriteComponent.cpp
  Texture.cpp
  TextureManager.cpp
  WindowManager.cpp
Common.lib(GameObjectRegistry.obj) : warning LNK4075: '/EDITANDCONTINUE'이(가) '/OPT:ICF' 사양으로 인해 무시됩니다.
  코드를 생성하고 있습니다.
  4 of 907 functions ( 0.4%) were compiled, the rest were copied from previous compilation.
    0 functions were new in current compilation
    2 functions had inline decision re-evaluated but remain unchanged
  코드를 생성했습니다.
  Client.vcxproj -> C:\git\KwangWoongLee\CrazyArcadeImitation\CA\Debug\Client.exe
