c:\git\kwangwoonglee\crazyarcadeimitation\ca\server\debug\vc142.pdb
c:\git\kwangwoonglee\crazyarcadeimitation\ca\server\debug\serverpch.obj
c:\git\kwangwoonglee\crazyarcadeimitation\ca\server\debug\servermain.obj
c:\git\kwangwoonglee\crazyarcadeimitation\ca\server\debug\server.obj
c:\git\kwangwoonglee\crazyarcadeimitation\ca\server\debug\replicationmanagerserver.obj
c:\git\kwangwoonglee\crazyarcadeimitation\ca\server\debug\playerserver.obj
c:\git\kwangwoonglee\crazyarcadeimitation\ca\server\debug\networkmanagerserver.obj
c:\git\kwangwoonglee\crazyarcadeimitation\ca\server\debug\clientproxy.obj
c:\git\kwangwoonglee\crazyarcadeimitation\ca\debug\server.exe
c:\git\kwangwoonglee\crazyarcadeimitation\ca\debug\server.pdb
c:\git\kwangwoonglee\crazyarcadeimitation\ca\server\debug\server.res
c:\git\kwangwoonglee\crazyarcadeimitation\ca\debug\server.ipdb
c:\git\kwangwoonglee\crazyarcadeimitation\ca\debug\server.iobj
c:\git\kwangwoonglee\crazyarcadeimitation\ca\server\debug\vcpkg.applocal.log
c:\git\kwangwoonglee\crazyarcadeimitation\ca\debug\sdl2d.dll
c:\git\kwangwoonglee\crazyarcadeimitation\ca\server\debug\server.tlog\cl.command.1.tlog
c:\git\kwangwoonglee\crazyarcadeimitation\ca\server\debug\server.tlog\cl.read.1.tlog
c:\git\kwangwoonglee\crazyarcadeimitation\ca\server\debug\server.tlog\cl.write.1.tlog
c:\git\kwangwoonglee\crazyarcadeimitation\ca\server\debug\server.tlog\link.command.1.tlog
c:\git\kwangwoonglee\crazyarcadeimitation\ca\server\debug\server.tlog\link.read.1.tlog
c:\git\kwangwoonglee\crazyarcadeimitation\ca\server\debug\server.tlog\link.write.1.tlog
c:\git\kwangwoonglee\crazyarcadeimitation\ca\server\debug\server.tlog\rc.command.1.tlog
c:\git\kwangwoonglee\crazyarcadeimitation\ca\server\debug\server.tlog\rc.read.1.tlog
c:\git\kwangwoonglee\crazyarcadeimitation\ca\server\debug\server.tlog\rc.write.1.tlog
c:\git\kwangwoonglee\crazyarcadeimitation\ca\server\debug\server.tlog\server.write.1u.tlog
